<?xml version="1.0" encoding="UTF-8"?>
<!-- Generated by org.testng.reporters.JUnitXMLReporter -->
<testsuite ignored="0" hostname="ITT-RESHMA-MADAN" failures="0" tests="3" name="Command line test" time="0.46" errors="0" timestamp="09 Oct 2020 06:11:10 GMT">
  <testcase classname="com.kount.authnode.KountDecisionNodeTest" name="kountDecisionForAllow" time="0.419"/>
  <testcase classname="com.kount.authnode.KountDecisionNodeTest" name="kountDecisionForChallenge" time="0.001"/>
  <testcase classname="com.kount.authnode.KountDecisionNodeTest" name="kountDecisionForFailure" time="0.001"/>
</testsuite> <!-- Command line test -->
