<?xml version="1.0" encoding="UTF-8"?>
<!-- Generated by org.testng.reporters.JUnitXMLReporter -->
<testsuite ignored="0" hostname="ITT-RESHMA-MADAN" failures="0" tests="10" name="Command line test" time="0.762" errors="0" timestamp="09 Oct 2020 10:31:15 GMT">
  <testcase classname="com.kount.authnode.KountDecisionNodeTest" name="kountDecisionEmptyResponse" time="0.16"/>
  <testcase classname="com.kount.authnode.KountDecisionNodeTest" name="kountDecisionForAllow" time="0.004"/>
  <testcase classname="com.kount.authnode.KountDecisionNodeTest" name="kountDecisionForChallenge" time="0.0"/>
  <testcase classname="com.kount.authnode.KountDecisionNodeTest" name="kountDecisionForFailure" time="0.0"/>
  <testcase classname="com.kount.authnode.KountDecisionNodeTest" name="kountDecisionForLoginResponseNull" time="0.001"/>
  <testcase classname="com.kount.authnode.KountDecisionNodeTest" name="kountDecisionForNotKnowValueResponse" time="0.001"/>
  <testcase classname="com.kount.authnode.KountEventsNodeTest" name="KountEventsNodeForUserNameNull" time="0.002"/>
  <testcase classname="com.kount.authnode.KountLoginNodeTest" name="kountLoginForUserNameNull" time="0.003"/>
  <testcase classname="com.kount.authnode.KountLoginNodeTest" name="kountLoginNodeConfigUSerTypeEmpty" time="0.003"/>
  <testcase classname="com.kount.authnode.KountTrustedDeviceNodeTest" name="KountTrustedDeviceNodeLoginResponseNull" time="0.002"/>
</testsuite> <!-- Command line test -->
